#
# A fatal error has been detected by the Java Runtime Environment:
#
#  SIGBUS (0x7) at pc=0x00007f59064ebc2f, pid=42, tid=51
#
# JRE version: OpenJDK Runtime Environment GraalVM CE 22.1.0 (17.0.3+7) (build 17.0.3+7-jvmci-22.1-b06)
# Java VM: OpenJDK 64-Bit Server VM GraalVM CE 22.1.0 (17.0.3+7-jvmci-22.1-b06, mixed mode, sharing, tiered, jvmci, jvmci compiler, compressed oops, compressed class ptrs, serial gc, linux-amd64)
# Problematic frame:
# V  [libjvm.so+0x5f7c2f]  Dependencies::check_unique_concrete_method(InstanceKlass*, Method*, Klass*, Method*, KlassDepChange*)+0x1df
#
# Core dump will be written. Default location: Core dumps may be processed with "/usr/share/apport/apport -p%p -s%s -c%c -d%d -P%P -u%u -g%g -- %E" (or dumping to /home/runner/Send-To-Future-Me/core.42)
#
# If you would like to submit a bug report, please visit:
#   https://github.com/oracle/graal/issues
#

---------------  S U M M A R Y ------------

Command Line: -XX:ThreadPriorityPolicy=1 -XX:+UnlockExperimentalVMOptions -XX:+EnableJVMCIProduct -XX:-UnlockExperimentalVMOptions Main

Host: AMD EPYC 7B12, 4 cores, 1G, Ubuntu 20.04.2 LTS
Time: Fri Jul 21 23:34:14 2023 UTC elapsed time: 175.077669 seconds (0d 0h 2m 55s)

---------------  T H R E A D  ---------------

Current thread (0x00007f590006c5f0):  JavaThread "C1 CompilerThread0" daemon [_thread_in_vm, id=51, stack(0x00007f5904318000,0x00007f5904518000)]


Current CompileTask:
C1: 175077  696       3       java.nio.channels.spi.AbstractInterruptibleChannel::blockedOn (10 bytes)

Stack: [0x00007f5904318000,0x00007f5904518000],  sp=0x00007f5904516090,  free space=2040k
Native frames: (J=compiled Java code, j=interpreted, Vv=VM code, C=native code)
V  [libjvm.so+0x5f7c2f]  Dependencies::check_unique_concrete_method(InstanceKlass*, Method*, Klass*, Method*, KlassDepChange*)+0x1df
V  [libjvm.so+0x5fc2cb]  Dependencies::DepStream::check_new_klass_dependency(NewKlassDepChange*)+0x35b
V  [libjvm.so+0x5fcd46]  Dependencies::validate_dependencies(CompileTask*, char**)+0x96
V  [libjvm.so+0x51a4e3]  ciEnv::register_method(ciMethod*, int, CodeOffsets*, int, CodeBuffer*, int, OopMapSet*, ExceptionHandlerTable*, ImplicitExceptionTable*, AbstractCompiler*, bool, bool, RTMState, GrowableArrayView<RuntimeStub*> const&)+0x2e3
V  [libjvm.so+0x43c7b9]  Compilation::install_code(int)+0xa9
V  [libjvm.so+0x43d96a]  Compilation::compile_method()+0x27a
V  [libjvm.so+0x43dbd3]  Compilation::Compilation(AbstractCompiler*, ciEnv*, ciMethod*, int, BufferBlob*, bool, DirectiveSet*)+0x203
V  [libjvm.so+0x43e640]  Compiler::compile_method(ciEnv*, ciMethod*, int, bool, DirectiveSet*)+0xb0
V  [libjvm.so+0x5adf61]  CompileBroker::invoke_compiler_on_method(CompileTask*)+0xd81
V  [libjvm.so+0x5aeaf8]  CompileBroker::compiler_thread_loop()+0x4b8
V  [libjvm.so+0xd97c40]  JavaThread::thread_main_inner()+0xd0
V  [libjvm.so+0xd9b2ce]  Thread::call_run()+0xde
V  [libjvm.so+0xbf0dd1]  thread_native_entry(Thread*)+0xe1


siginfo: si_signo: 7 (SIGBUS), si_code: 2 (BUS_ADRERR), si_addr: 0x00007f5905ced260

Register to memory mapping:

RAX=0x00007f5905ced260 points into unknown readable memory: 0x0000000000000124 | 24 01 00 00 00 00 00 00
RBX={method} {0x000000080001ee90} 'blockedOn' '(Lsun/nio/ch/Interruptible;)V' in 'java/lang/System$2'
RCX=0x0000000000000001 is an unknown value
RDX=0x0 is NULL
RSP=0x00007f5904516090 is pointing into the stack for thread: 0x00007f590006c5f0
RBP=0x00007f5904516130 is pointing into the stack for thread: 0x00007f590006c5f0
RSI={method} {0x000000080001ee90} 'blockedOn' '(Lsun/nio/ch/Interruptible;)V' in 'java/lang/System$2'
RDI=0x00007f5900025130 points into unknown readable memory: 0x0000000000000000 | 00 00 00 00 00 00 00 00
R8 =0x0 is NULL
R9 =0x0000000000000004 is an unknown value
R10=0x00007f58c0055be6 points into unknown readable memory: 06 06
R11=0x0000000000000006 is an unknown value
R12={method} {0x00000008003f8388} 'blockedOn' '(Lsun/nio/ch/Interruptible;)V' in 'jdk/internal/access/JavaLangAccess'
R13=0x000000080001e1e8 is a pointer to class: 
jdk.internal.access.JavaLangAccess {0x000000080001e1e8}
 - instance size:     2
 - klass size:        64
 - access:            public interface abstract 
 - state:             linked
 - name:              'jdk/internal/access/JavaLangAccess'
 - super:             'java/lang/Object'
 - sub:               
 - nof implementors:  1
 - implementor:    
   'java/lang/System$2'
 - arrays:            NULL
 - methods:           Array<T>(0x0000000800ad80b0)
 - method ordering:   Array<T>(0x0000000800ad7fc8)
 - default_methods:   Array<T>(0x0000000000000000)
 - local interfaces:  Array<T>(0x00000008005cd138)
 - trans. interfaces: Array<T>(0x00000008005cd138)
 - constants:         constant pool [134] {0x0000000800ad82b0} for 'jdk/internal/access/JavaLangAccess' cache=0x00000008003f78e8
 - class loader data:  loader data: 0x00007f5900025130 of 'bootstrap'
 - source file:       'JavaLangAccess.java'
 - class annotations:       Array<T>(0x0000000000000000)
 - class type annotations:  Array<T>(0x0000000000000000)
 - field annotations:       Array<T>(0x0000000000000000)
 - field type annotations:  Array<T>(0x0000000000000000)
 - inner classes:     Array<T>(0x00000008005cd0c8)
 - nest members:     Array<T>(0x00000008005cd0c8)
 - permitted subclasses:     Array<T>(0x00000008005cd0c8)
 - java mirror:       a 'java/lang/Class'{0x00000000f04fa698} = 'jdk/internal/access/JavaLangAccess'
 - vtable length      5  (start addr: 0x000000080001e3b8)
 - itable length      0 (start addr: 0x000000080001e3e0)
 - ---- static fields (0 words):
 - ---- non-static fields (0 words):
 - non-static oop maps: 
R14=0x000000080001dc38 is a pointer to class: 
java.lang.System$2 {0x000000080001dc38}
 - instance size:     2
 - klass size:        181
 - access:            synchronized 
 - state:             fully_initialized
 - name:              'java/lang/System$2'
 - super:             'java/lang/Object'
 - sub:               
 - arrays:            NULL
 - methods:           Array<T>(0x00000008005e8e58)
 - method ordering:   Array<T>(0x00000008005e9030)
 - default_methods:   Array<T>(0x0000000000000000)
 - local interfaces:  Array<T>(0x00000008005e8098)
 - trans. interfaces: Array<T>(0x00000008005e8098)
 - constants:         constant pool [426] {0x00000008005e80a8} for 'java/lang/System$2' cache=0x00000008003f6ed8
 - class loader data:  loader data: 0x00007f5900025130 of 'bootstrap'
 - source file:       'System.java'
 - class annotations:       Array<T>(0x0000000000000000)
 - class type annotations:  Array<T>(0x0000000000000000)
 - field annotations:       Array<T>(0x0000000000000000)
 - field type annotations:  Array<T>(0x0000000000000000)
 - inner classes:     Array<T>(0x00000008005e8e40)
 - nest members:     Array<T>(0x00000008005cd0c8)
 - permitted subclasses:     Array<T>(0x00000008005cd0c8)
 - java mirror:       a 'java/lang/Class'{0x00000000f04fa708} = 'java/lang/System$2'
 - vtable length      62  (start addr: 0x000000080001de08)
 - itable length      61 (start addr: 0x000000080001dff8)
 - ---- static fields (0 words):
 - ---- non-static fields (0 words):
 - non-static oop maps: 
R15=0x0 is NULL


Registers:
RAX=0x00007f5905ced260, RBX=0x000000080001ee90, RCX=0x0000000000000001, RDX=0x0000000000000000
RSP=0x00007f5904516090, RBP=0x00007f5904516130, RSI=0x000000080001ee90, RDI=0x00007f5900025130
R8 =0x0000000000000000, R9 =0x0000000000000004, R10=0x00007f58c0055be6, R11=0x0000000000000006
R12=0x00000008003f8388, R13=0x000000080001e1e8, R14=0x000000080001dc38, R15=0x0000000000000000
RIP=0x00007f59064ebc2f, EFLAGS=0x0000000000010202, CSGSFS=0x002b000000000033, ERR=0x0000000000000007
  TRAPNO=0x000000000000000e

Top of Stack: (sp=0x00007f5904516090)
0x00007f5904516090:   00007f590702eaf8 0000000000000000
0x00007f59045160a0:   000000080001dc38 0000000000000000
0x00007f59045160b0:   0000000000000000 0000000000000000
0x00007f59045160c0:   0000000000000001 000000080001e1e8 

Instructions: (pc=0x00007f59064ebc2f)
0x00007f59064ebb2f:   40 08 48 8b 50 18 8b 45 90 8d 48 01 48 89 94 c5
0x00007f59064ebb3f:   70 ff ff ff 89 4d 90 48 89 5c c5 b0 41 f6 86 a5
0x00007f59064ebb4f:   00 00 00 02 0f 85 9f 00 00 00 48 8d 05 b0 46 bf
0x00007f59064ebb5f:   00 0f b6 00 4d 85 ff 0f 84 b4 00 00 00 84 c0 74
0x00007f59064ebb6f:   0f 48 8b 05 b9 f1 c2 00 48 8b 40 28 48 83 00 01
0x00007f59064ebb7f:   48 8d bd 60 ff ff ff 4c 89 fe e8 32 cf ff ff 48
0x00007f59064ebb8f:   83 c4 78 5b 41 5c 41 5d 41 5e 41 5f 5d c3 0f 1f
0x00007f59064ebb9f:   00 31 c0 48 83 c4 78 5b 41 5c 41 5d 41 5e 41 5f
0x00007f59064ebbaf:   5d c3 0f 1f 80 00 00 00 00 41 8b 44 24 2c 83 f8
0x00007f59064ebbbf:   f7 0f 8d 4b ff ff ff ba f6 ff ff ff c6 45 ac 01
0x00007f59064ebbcf:   29 c2 89 d0 e9 3d ff ff ff 0f 1f 84 00 00 00 00
0x00007f59064ebbdf:   00 4c 89 e6 4c 89 ef c6 45 ac 00 e8 91 8d 1d 00
0x00007f59064ebbef:   e9 21 ff ff ff 0f 1f 40 00 4c 89 f7 e8 c0 5a 1d
0x00007f59064ebbff:   00 89 c2 85 c0 74 9a 4c 89 f0 83 fa 01 75 94 4c
0x00007f59064ebc0f:   89 f7 e8 fa 59 1d 00 49 89 c6 e9 3b ff ff ff 66
0x00007f59064ebc1f:   90 84 c0 74 0f 48 8b 05 15 f1 c2 00 48 8b 40 28
0x00007f59064ebc2f:   48 83 00 01 48 8d bd 60 ff ff ff 4c 89 f6 e8 6e
0x00007f59064ebc3f:   cc ff ff 48 83 c4 78 5b 41 5c 41 5d 41 5e 41 5f
0x00007f59064ebc4f:   5d c3 0f 1f 80 00 00 00 00 31 c0 c3 90 0f 1f 40
0x00007f59064ebc5f:   00 55 48 89 e5 41 56 41 55 41 54 53 48 83 ec 70
0x00007f59064ebc6f:   f6 46 2a 01 75 4b 80 ba 3b 01 00 00 01 48 89 f3
0x00007f59064ebc7f:   49 89 d5 76 27 48 8b 41 08 49 89 cc 48 8b 40 08
0x00007f59064ebc8f:   48 8b 40 18 80 b8 3b 01 00 00 01 76 0f 49 89 fe
0x00007f59064ebc9f:   48 89 cf e8 09 47 58 00 84 c0 74 2d 49 89 dc 48
0x00007f59064ebcaf:   83 c4 70 4c 89 e0 5b 41 5c 41 5d 41 5e 5d c3 66
0x00007f59064ebcbf:   90 48 83 c4 70 45 31 e4 5b 4c 89 e0 41 5c 41 5d
0x00007f59064ebccf:   41 5e 5d c3 0f 1f 44 00 00 48 8d 05 19 2e b4 00
0x00007f59064ebcdf:   66 0f ef c0 c7 45 a0 00 00 00 00 48 89 85 70 ff
0x00007f59064ebcef:   ff ff 49 8b 44 24 08 4c 89 6d a8 0f 29 45 80 0f
0x00007f59064ebcff:   29 45 90 c7 85 78 ff ff ff 00 00 00 00 48 8b 50
0x00007f59064ebd0f:   08 48 8b 52 18 48 89 55 b0 41 f6 85 a5 00 00 00
0x00007f59064ebd1f:   02 0f 85 32 01 00 00 48 8b 40 08 48 8b 40 18 f6 


Stack slot to memory mapping:
stack at sp + 0 slots: 0x00007f590702eaf8: <offset 0x000000000113aaf8> in /nix/store/nfyj24p265scn3zp0pk0fm4rr5g7s2pf-graalvm17-ce-22.1.0/lib/server/libjvm.so at 0x00007f5905ef4000
stack at sp + 1 slots: 0x0 is NULL
stack at sp + 2 slots: 0x000000080001dc38 is a pointer to class: 
java.lang.System$2 {0x000000080001dc38}
 - instance size:     2
 - klass size:        181
 - access:            synchronized 
 - state:             fully_initialized
 - name:              'java/lang/System$2'
 - super:             'java/lang/Object'
 - sub:               
 - arrays:            NULL
 - methods:           Array<T>(0x00000008005e8e58)
 - method ordering:   Array<T>(0x00000008005e9030)
 - default_methods:   Array<T>(0x0000000000000000)
 - local interfaces:  Array<T>(0x00000008005e8098)
 - trans. interfaces: Array<T>(0x00000008005e8098)
 - constants:         constant pool [426] {0x00000008005e80a8} for 'java/lang/System$2' cache=0x00000008003f6ed8
 - class loader data:  loader data: 0x00007f5900025130 of 'bootstrap'
 - source file:       'System.java'
 - class annotations:       Array<T>(0x0000000000000000)
 - class type annotations:  Array<T>(0x0000000000000000)
 - field annotations:       Array<T>(0x0000000000000000)
 - field type annotations:  Array<T>(0x0000000000000000)
 - inner classes:     Array<T>(0x00000008005e8e40)
 - nest members:     Array<T>(0x00000008005cd0c8)
 - permitted subclasses:     Array<T>(0x00000008005cd0c8)
 - java mirror:       a 'java/lang/Class'{0x00000000f04fa708} = 'java/lang/System$2'
 - vtable length      62  (start addr: 0x000000080001de08)
 - itable length      61 (start addr: 0x000000080001dff8)
 - ---- static fields (0 words):
 - ---- non-static fields (0 words):
 - non-static oop maps: 
stack at sp + 3 slots: 0x0 is NULL
stack at sp + 4 slots: 0x0 is NULL
stack at sp + 5 slots: 0x0 is NULL
stack at sp + 6 slots: 0x0000000000000001 is an unknown value
stack at sp + 7 slots: 0x000000080001e1e8 is a pointer to class: 
jdk.internal.access.JavaLangAccess {0x000000080001e1e8}
 - instance size:     2
 - klass size:        64
 - access:            public interface abstract 
 - state:             linked
 - name:              'jdk/internal/access/JavaLangAccess'
 - super:             'java/lang/Object'
 - sub:               
 - nof implementors:  1
 - implementor:    
   'java/lang/System$2'
 - arrays:            NULL
 - methods:           Array<T>(0x0000000800ad80b0)
 - method ordering:   Array<T>(0x0000000800ad7fc8)
 - default_methods:   Array<T>(0x0000000000000000)
 - local interfaces:  Array<T>(0x00000008005cd138)
 - trans. interfaces: Array<T>(0x00000008005cd138)
 - constants:         constant pool [134] {0x0000000800ad82b0} for 'jdk/internal/access/JavaLangAccess' cache=0x00000008003f78e8
 - class loader data:  loader data: 0x00007f5900025130 of 'bootstrap'
 - source file:       'JavaLangAccess.java'
 - class annotations:       Array<T>(0x0000000000000000)
 - class type annotations:  Array<T>(0x0000000000000000)
 - field annotations:       Array<T>(0x0000000000000000)
 - field type annotations:  Array<T>(0x0000000000000000)
 - inner classes:     Array<T>(0x00000008005cd0c8)
 - nest members:     Array<T>(0x00000008005cd0c8)
 - permitted subclasses:     Array<T>(0x00000008005cd0c8)
 - java mirror:       a 'java/lang/Class'{0x00000000f04fa698} = 'jdk/internal/access/JavaLangAccess'
 - vtable length      5  (start addr: 0x000000080001e3b8)
 - itable length      0 (start addr: 0x000000080001e3e0)
 - ---- static fields (0 words):
 - ---- non-static fields (0 words):
 - non-static oop maps: 


---------------  P R O C E S S  ---------------

Threads class SMR info:
_java_thread_list=0x00007f590023c890, length=14, elements={
0x00007f590005f520, 0x00007f5900060950, 0x00007f5900067000, 0x00007f5900068380,
0x00007f5900069760, 0x00007f590006b0f0, 0x00007f590006c5f0, 0x00007f590006da30,
0x00007f5900090150, 0x00007f59000d8620, 0x00007f59001dc520, 0x00007f590023b620,
0x00007f5900023450, 0x00007f58ac042fb0
}

Java Threads: ( => current thread )
  0x00007f590005f520 JavaThread "Reference Handler" daemon [_thread_blocked, id=45, stack(0x00007f5904dfe000,0x00007f5904efe000)]
  0x00007f5900060950 JavaThread "Finalizer" daemon [_thread_blocked, id=46, stack(0x00007f5904cfe000,0x00007f5904dfe000)]
  0x00007f5900067000 JavaThread "Signal Dispatcher" daemon [_thread_blocked, id=47, stack(0x00007f5904918000,0x00007f5904a18000)]
  0x00007f5900068380 JavaThread "Service Thread" daemon [_thread_blocked, id=48, stack(0x00007f5904818000,0x00007f5904918000)]
  0x00007f5900069760 JavaThread "Monitor Deflation Thread" daemon [_thread_blocked, id=49, stack(0x00007f5904718000,0x00007f5904818000)]
  0x00007f590006b0f0 JavaThread "JVMCI-native CompilerThread0" daemon [_thread_blocked, id=50, stack(0x00007f5904518000,0x00007f5904718000)]
=>0x00007f590006c5f0 JavaThread "C1 CompilerThread0" daemon [_thread_in_vm, id=51, stack(0x00007f5904318000,0x00007f5904518000)]
  0x00007f590006da30 JavaThread "Sweeper thread" daemon [_thread_blocked, id=52, stack(0x00007f5904218000,0x00007f5904318000)]
  0x00007f5900090150 JavaThread "Common-Cleaner" daemon [_thread_blocked, id=53, stack(0x00007f5904118000,0x00007f5904218000)]
  0x00007f59000d8620 JavaThread "Notification Thread" daemon [_thread_blocked, id=54, stack(0x00007f5904018000,0x00007f5904118000)]
  0x00007f59001dc520 JavaThread "server-timer" daemon [_thread_blocked, id=58, stack(0x00007f58e4300000,0x00007f58e4400000)]
  0x00007f590023b620 JavaThread "HTTP-Dispatcher" [_thread_in_native, id=59, stack(0x00007f58e4100000,0x00007f58e4200000)]
  0x00007f5900023450 JavaThread "DestroyJavaVM" [_thread_blocked, id=43, stack(0x00007f5905d16000,0x00007f5905e16000)]
  0x00007f58ac042fb0 JavaThread "Libgraal MBean Registration" daemon [_thread_blocked, id=60, stack(0x00007f58b6d00000,0x00007f58b6e00000)]

Other Threads:
  0x00007f590005acc0 VMThread "VM Thread" [stack: 0x00007f5904f00000,0x00007f5905000000] [id=44]
  0x00007f59000d9fb0 WatcherThread [stack: 0x00007f58e754b000,0x00007f58e764b000] [id=55]

Threads with active compile tasks:
C1 CompilerThread0   175098  696       3       java.nio.channels.spi.AbstractInterruptibleChannel::blockedOn (10 bytes)

VM state: not at safepoint (normal execution)

VM Mutex/Monitor currently owned by a thread:  ([mutex/lock_event])
[0x00007f5900021660] Compile_lock - owner thread: 0x00007f590006c5f0
[0x00007f5900021870] MethodCompileQueue_lock - owner thread: 0x00007f590006c5f0

Heap address: 0x00000000f0000000, size: 256 MB, Compressed Oops mode: 32-bit

CDS archive(s) mapped at: [0x0000000800000000-0x0000000800bc6000-0x0000000800bc6000), size 12345344, SharedBaseAddress: 0x0000000800000000, ArchiveRelocationMode: 0.
Compressed class space mapped at: 0x0000000800c00000-0x0000000840c00000, reserved size: 1073741824
Narrow klass base: 0x0000000800000000, Narrow klass shift: 0, Narrow klass range: 0x100000000

GC Precious Log:
 CPUs: 4 total, 1 available
 Memory: 1024M
 Large Page Support: Disabled
 NUMA Support: Disabled
 Compressed Oops: Enabled (32-bit)
 Heap Min Capacity: 8M
 Heap Initial Capacity: 16M
 Heap Max Capacity: 256M
 Pre-touch: Disabled

Heap:
 def new generation   total 4928K, used 2627K [0x00000000f0000000, 0x00000000f0550000, 0x00000000f5550000)
  eden space 4416K,  47% used [0x00000000f0000000, 0x00000000f0210cd8, 0x00000000f0450000)
  from space 512K, 100% used [0x00000000f04d0000, 0x00000000f0550000, 0x00000000f0550000)
  to   space 512K,   0% used [0x00000000f0450000, 0x00000000f0450000, 0x00000000f04d0000)
 tenured generation   total 10944K, used 1423K [0x00000000f5550000, 0x00000000f6000000, 0x0000000100000000)
   the space 10944K,  13% used [0x00000000f5550000, 0x00000000f56b3d90, 0x00000000f56b3e00, 0x00000000f6000000)
 Metaspace       used 4055K, committed 4288K, reserved 1056768K
  class space    used 422K, committed 512K, reserved 1048576K

Card table byte_map: [0x00007f5905a59000,0x00007f5905ada000] _byte_map_base: 0x00007f59052d9000

Polling page: 0x00007f5905cf3000

Metaspace:

Usage:
  Non-class:      3.55 MB used.
      Class:    422.47 KB used.
       Both:      3.96 MB used.

Virtual space:
  Non-class space:        8.00 MB reserved,       3.69 MB ( 46%) committed,  1 nodes.
      Class space:        1.00 GB reserved,     512.00 KB ( <1%) committed,  1 nodes.
             Both:        1.01 GB reserved,       4.19 MB ( <1%) committed. 

Chunk freelists:
   Non-Class:  3.12 MB
       Class:  3.53 MB
        Both:  6.65 MB

MaxMetaspaceSize: unlimited
CompressedClassSpaceSize: 1.00 GB
Initial GC threshold: 21.00 MB
Current GC threshold: 21.00 MB
CDS: on
MetaspaceReclaimPolicy: balanced
 - commit_granule_bytes: 65536.
 - commit_granule_words: 8192.
 - virtual_space_node_default_size: 1048576.
 - enlarge_chunks_in_place: 1.
 - new_chunks_are_fully_committed: 0.
 - uncommit_free_chunks: 1.
 - use_allocation_guard: 0.
 - handle_deallocations: 1.


Internal statistics:

num_allocs_failed_limit: 0.
num_arena_births: 82.
num_arena_deaths: 0.
num_vsnodes_births: 2.
num_vsnodes_deaths: 0.
num_space_committed: 67.
num_space_uncommitted: 0.
num_chunks_returned_to_freelist: 0.
num_chunks_taken_from_freelist: 143.
num_chunk_merges: 0.
num_chunk_splits: 91.
num_chunks_enlarged: 59.
num_purges: 0.
num_inconsistent_stats: 0.

CodeHeap 'non-profiled nmethods': size=120036Kb used=208Kb max_used=208Kb free=119828Kb
 bounds [0x00007f58ef112000, 0x00007f58ef382000, 0x00007f58f664b000]
CodeHeap 'profiled nmethods': size=120032Kb used=1254Kb max_used=1254Kb free=118777Kb
 bounds [0x00007f58e7bda000, 0x00007f58e7e4a000, 0x00007f58ef112000]
CodeHeap 'non-nmethods': size=5692Kb used=1137Kb max_used=1140Kb free=4554Kb
 bounds [0x00007f58e764b000, 0x00007f58e78bb000, 0x00007f58e7bda000]
 total_blobs=1120 nmethods=695 adapters=348
 compilation: enabled
              stopped_count=0, restarted_count=0
 full_count=0

JVMCI Events (8 events):
Event: 0.009 Thread 0x00007f5900023450 created new JVMCI runtime 0 (0x00007f59000560a0)
Event: 0.009 Thread 0x00007f5900023450 created new JVMCI runtime -1 (0x00007f5900056110)
Event: 0.137 Thread 0x00007f590006b0f0 loaded JVMCI shared library from /nix/store/nfyj24p265scn3zp0pk0fm4rr5g7s2pf-graalvm17-ce-22.1.0/lib/libjvmcicompiler.so
Event: 0.139 Thread 0x00007f590006b0f0 created JavaVM[1]@0x00007f58b7a9e278 for JVMCI runtime 0
Event: 0.139 Thread 0x00007f590006b0f0 initializing JVMCI runtime 0
Event: 0.142 Thread 0x00007f590006b0f0 initialized JVMCI runtime 0
Event: 1.195 Thread 0x00007f58ac000eb0 initializing JVMCI runtime -1
Event: 1.203 Thread 0x00007f58ac000eb0 initialized JVMCI runtime -1

Compilation events (20 events):
Event: 1.220 Thread 0x00007f590006c5f0 nmethod 685 0x00007f58e7d0f710 code [0x00007f58e7d0f8c0, 0x00007f58e7d0fa00]
Event: 1.220 Thread 0x00007f590006b0f0  686       4       java.util.concurrent.ConcurrentHashMap::get (162 bytes)
Event: 1.238 Thread 0x00007f590006b0f0 nmethod 686 0x00007f58ef144910 code [0x00007f58ef144ac0, 0x00007f58ef1451b0]
Event: 16.013 Thread 0x00007f590006c5f0  687       3       java.util.ArrayDeque::elementAt (4 bytes)
Event: 16.013 Thread 0x00007f590006c5f0 nmethod 687 0x00007f58e7d0fb10 code [0x00007f58e7d0fca0, 0x00007f58e7d0fdb0]
Event: 17.014 Thread 0x00007f590006c5f0  688       3       java.util.ArrayDeque::pollFirst (36 bytes)
Event: 17.014 Thread 0x00007f590006c5f0 nmethod 688 0x00007f58e7d0fe90 code [0x00007f58e7d10060, 0x00007f58e7d10590]
Event: 65.078 Thread 0x00007f590006c5f0  690   !   3       sun.nio.ch.SelectorImpl::processDeregisterQueue (145 bytes)
Event: 65.080 Thread 0x00007f590006c5f0 nmethod 690 0x00007f58e7d10710 code [0x00007f58e7d109e0, 0x00007f58e7d12810]
Event: 84.117 Thread 0x00007f590006c5f0  691       3       jdk.internal.access.SharedSecrets::getJavaLangAccess (4 bytes)
Event: 84.117 Thread 0x00007f590006c5f0 nmethod 691 0x00007f58e7d13010 code [0x00007f58e7d131a0, 0x00007f58e7d13290]
Event: 86.121 Thread 0x00007f590006c5f0  692       3       java.nio.channels.spi.AbstractSelector::isOpen (13 bytes)
Event: 86.121 Thread 0x00007f590006c5f0 nmethod 692 0x00007f58e7d13310 code [0x00007f58e7d134a0, 0x00007f58e7d13610]
Event: 86.121 Thread 0x00007f590006c5f0  693       3       sun.nio.ch.SelectorImpl::ensureOpen (16 bytes)
Event: 86.122 Thread 0x00007f590006c5f0 nmethod 693 0x00007f58e7d13690 code [0x00007f58e7d13840, 0x00007f58e7d13ac0]
Event: 128.172 Thread 0x00007f590006c5f0  694       1       java.util.LinkedList::size (5 bytes)
Event: 128.173 Thread 0x00007f590006c5f0 nmethod 694 0x00007f58ef145a10 code [0x00007f58ef145ba0, 0x00007f58ef145c70]
Event: 128.173 Thread 0x00007f590006c5f0  695       1       java.lang.Thread::isInterrupted (5 bytes)
Event: 128.173 Thread 0x00007f590006c5f0 nmethod 695 0x00007f58ef145d10 code [0x00007f58ef145ea0, 0x00007f58ef145f70]
Event: 129.173 Thread 0x00007f590006c5f0  696       3       java.nio.channels.spi.AbstractInterruptibleChannel::blockedOn (10 bytes)

GC Heap History (2 events):
Event: 0.634 GC heap before
{Heap before GC invocations=0 (full 0):
 def new generation   total 4928K, used 4416K [0x00000000f0000000, 0x00000000f0550000, 0x00000000f5550000)
  eden space 4416K, 100% used [0x00000000f0000000, 0x00000000f0450000, 0x00000000f0450000)
  from space 512K,   0% used [0x00000000f0450000, 0x00000000f0450000, 0x00000000f04d0000)
  to   space 512K,   0% used [0x00000000f04d0000, 0x00000000f04d0000, 0x00000000f0550000)
 tenured generation   total 10944K, used 0K [0x00000000f5550000, 0x00000000f6000000, 0x0000000100000000)
   the space 10944K,   0% used [0x00000000f5550000, 0x00000000f5550000, 0x00000000f5550200, 0x00000000f6000000)
 Metaspace       used 1692K, committed 1920K, reserved 1056768K
  class space    used 137K, committed 256K, reserved 1048576K
}
Event: 0.686 GC heap after
{Heap after GC invocations=1 (full 0):
 def new generation   total 4928K, used 512K [0x00000000f0000000, 0x00000000f0550000, 0x00000000f5550000)
  eden space 4416K,   0% used [0x00000000f0000000, 0x00000000f0000000, 0x00000000f0450000)
  from space 512K, 100% used [0x00000000f04d0000, 0x00000000f0550000, 0x00000000f0550000)
  to   space 512K,   0% used [0x00000000f0450000, 0x00000000f0450000, 0x00000000f04d0000)
 tenured generation   total 10944K, used 1423K [0x00000000f5550000, 0x00000000f6000000, 0x0000000100000000)
   the space 10944K,  13% used [0x00000000f5550000, 0x00000000f56b3d90, 0x00000000f56b3e00, 0x00000000f6000000)
 Metaspace       used 1692K, committed 1920K, reserved 1056768K
  class space    used 137K, committed 256K, reserved 1048576K
}

Deoptimization events (10 events):
Event: 0.836 Thread 0x00007f5900023450 DEOPT PACKING pc=0x00007f58e7cb15d1 sp=0x00007f5905e140f0
Event: 0.836 Thread 0x00007f5900023450 DEOPT UNPACKING pc=0x00007f58e769d325 sp=0x00007f5905e13618 mode 0
Event: 0.888 Thread 0x00007f5900023450 Uncommon trap: trap_request=0xffffffed fr.pc=0x00007f58ef138900 relative=0x0000000000000de0
Event: 0.888 Thread 0x00007f5900023450 Uncommon trap: reason=null_assert_or_unreached0 action=reinterpret pc=0x00007f58ef138900 method=java.io.BufferedInputStream.read()I @ 15 jvmci
Event: 0.888 Thread 0x00007f5900023450 DEOPT PACKING pc=0x00007f58ef138900 sp=0x00007f5905e14160
Event: 0.888 Thread 0x00007f5900023450 DEOPT UNPACKING pc=0x00007f58e769d325 sp=0x00007f5905e135a8 mode 3
Event: 0.888 Thread 0x00007f5900023450 Uncommon trap: trap_request=0xffffffed fr.pc=0x00007f58ef137371 relative=0x0000000000000251
Event: 0.888 Thread 0x00007f5900023450 Uncommon trap: reason=null_assert_or_unreached0 action=reinterpret pc=0x00007f58ef137371 method=java.io.BufferedInputStream.read()I @ 15 jvmci
Event: 0.888 Thread 0x00007f5900023450 DEOPT PACKING pc=0x00007f58ef137371 sp=0x00007f5905e140f0
Event: 0.888 Thread 0x00007f5900023450 DEOPT UNPACKING pc=0x00007f58e769d325 sp=0x00007f5905e13598 mode 3

Classes unloaded (0 events):
No events

Classes redefined (0 events):
No events

Internal exceptions (3 events):
Event: 0.916 Thread 0x00007f5900023450 Exception <a 'java/lang/NoSuchMethodError'{0x00000000f00b58e8}: 'java.lang.Object java.lang.invoke.DirectMethodHandle$Holder.invokeStaticInit(java.lang.Object)'> (0x00000000f00b58e8) 
thrown [src/hotspot/share/interpreter/linkResolver.cpp, line 765]
Event: 1.218 Thread 0x00007f58ac000eb0 Exception <a 'java/lang/NoSuchMethodError'{0x00000000f01ed7f8}: 'java.lang.Object java.lang.invoke.DirectMethodHandle$Holder.invokeStatic(java.lang.Object, long, java.lang.Object)'> (0x00000000f01ed7f8) 
thrown [src/hotspot/share/interpreter/linkResolver.cpp, line 765]
Event: 1.219 Thread 0x00007f58ac000eb0 Exception <a 'java/lang/NoSuchMethodError'{0x00000000f01f3ac0}: 'java.lang.Object java.lang.invoke.DirectMethodHandle$Holder.newInvokeSpecial(java.lang.Object, long)'> (0x00000000f01f3ac0) 
thrown [src/hotspot/share/interpreter/linkResolver.cpp, line 765]

VM Operations (10 events):
Event: 0.105 Executing VM operation: HandshakeAllThreads
Event: 0.106 Executing VM operation: HandshakeAllThreads done
Event: 0.327 Executing VM operation: HandshakeAllThreads
Event: 0.327 Executing VM operation: HandshakeAllThreads done
Event: 0.634 Executing VM operation: GenCollectForAllocation
Event: 0.686 Executing VM operation: GenCollectForAllocation done
Event: 0.901 Executing VM operation: HandshakeAllThreads
Event: 0.901 Executing VM operation: HandshakeAllThreads done
Event: 1.902 Executing VM operation: Cleanup
Event: 1.902 Executing VM operation: Cleanup done

Events (20 events):
Event: 1.210 loading class jdk/vm/ci/hotspot/HotSpotJVMCICompilerConfig done
Event: 1.210 loading class jdk/vm/ci/runtime/JVMCICompilerFactory
Event: 1.210 loading class jdk/vm/ci/runtime/JVMCICompilerFactory done
Event: 1.210 loading class jdk/vm/ci/services/JVMCIServiceLocator
Event: 1.210 loading class jdk/vm/ci/services/JVMCIServiceLocator done
Event: 1.211 loading class java/lang/WeakPairMap$Pair$Weak
Event: 1.211 loading class java/lang/WeakPairMap$WeakRefPeer
Event: 1.211 loading class java/lang/WeakPairMap$WeakRefPeer done
Event: 1.211 loading class java/lang/WeakPairMap$Pair$Weak done
Event: 1.211 loading class java/lang/WeakPairMap$Pair$Weak$1
Event: 1.211 loading class java/lang/WeakPairMap$Pair$Weak$1 done
Event: 1.212 loading class jdk/vm/ci/hotspot/HotSpotJVMCICompilerFactory
Event: 1.212 loading class jdk/vm/ci/hotspot/HotSpotJVMCICompilerFactory done
Event: 1.216 loading class jdk/vm/ci/hotspot/HotSpotJVMCICompilerFactory$CompilationLevelAdjustment
Event: 1.216 loading class jdk/vm/ci/hotspot/HotSpotJVMCICompilerFactory$CompilationLevelAdjustment done
Event: 1.225 Thread 0x00007f58ac042fb0 Thread added: 0x00007f58ac042fb0
Event: 1.225 Protecting memory [0x00007f58b6d00000,0x00007f58b6d04000] with protection modes 0
Event: 1.225 Thread 0x00007f58ac000eb0 Thread exited: 0x00007f58ac000eb0
Event: 1.225 loading class javax/management/MBeanServerFactory
Event: 1.225 loading class javax/management/MBeanServerFactory done


Dynamic libraries:
f0000000-f0550000 rw-p 00000000 00:00 0 
f0550000-f5550000 ---p 00000000 00:00 0 
f5550000-f6000000 rw-p 00000000 00:00 0 
f6000000-100000000 ---p 00000000 00:00 0 
800000000-800448000 rw-p 00001000 00:e2 4611686018741869342              /nix/store/nfyj24p265scn3zp0pk0fm4rr5g7s2pf-graalvm17-ce-22.1.0/lib/server/classes.jsa
800448000-800bc6000 r--p 00449000 00:e2 4611686018741869342              /nix/store/nfyj24p265scn3zp0pk0fm4rr5g7s2pf-graalvm17-ce-22.1.0/lib/server/classes.jsa
800bc6000-800c00000 ---p 00000000 00:00 0 
800c00000-800c40000 rw-p 00000000 00:00 0 
800c40000-800c80000 rw-p 00000000 00:00 0 
800c80000-840c00000 ---p 00000000 00:00 0 
55587ba71000-55587ba72000 r-xp 00000000 00:e2 4611686018733934685        /nix/store/nfyj24p265scn3zp0pk0fm4rr5g7s2pf-graalvm17-ce-22.1.0/bin/.java-wrapped
55587ba73000-55587ba74000 r--p 00001000 00:e2 4611686018733934685        /nix/store/nfyj24p265scn3zp0pk0fm4rr5g7s2pf-graalvm17-ce-22.1.0/bin/.java-wrapped
55587ba74000-55587ba75000 rw-p 00002000 00:e2 4611686018733934685        /nix/store/nfyj24p265scn3zp0pk0fm4rr5g7s2pf-graalvm17-ce-22.1.0/bin/.java-wrapped
55587ba75000-55587ba76000 rw-p 00004000 00:e2 4611686018733934685        /nix/store/nfyj24p265scn3zp0pk0fm4rr5g7s2pf-graalvm17-ce-22.1.0/bin/.java-wrapped
55587ba76000-55587ba77000 rw-p 00005000 00:e2 4611686018733934685        /nix/store/nfyj24p265scn3zp0pk0fm4rr5g7s2pf-graalvm17-ce-22.1.0/bin/.java-wrapped
55587ced7000-55587cef8000 rw-p 00000000 00:00 0                          [heap]
7f589c000000-7f589c021000 rw-p 00000000 00:00 0 
7f589c021000-7f58a0000000 ---p 00000000 00:00 0 
7f58a0000000-7f58a0021000 rw-p 00000000 00:00 0 
7f58a0021000-7f58a4000000 ---p 00000000 00:00 0 
7f58a4000000-7f58a4021000 rw-p 00000000 00:00 0 
7f58a4021000-7f58a8000000 ---p 00000000 00:00 0 
7f58a8a52000-7f58a8e00000 rw-p 00000000 00:00 0 
7f58a8e00000-7f58a8ee8000 r-xp 00000000 00:4c 354                        /tmp/sqlite-3.23.1-902d1e5b-7728-4cab-915c-bc0e37c88918-libsqlitejdbc.so
7f58a8ee8000-7f58a90e7000 ---p 000e8000 00:4c 354                        /tmp/sqlite-3.23.1-902d1e5b-7728-4cab-915c-bc0e37c88918-libsqlitejdbc.so
7f58a90e7000-7f58a90ec000 rw-p 000e7000 00:4c 354                        /tmp/sqlite-3.23.1-902d1e5b-7728-4cab-915c-bc0e37c88918-libsqlitejdbc.so
7f58a90ec000-7f58a90ed000 rw-p 00000000 00:00 0 
7f58a9200000-7f58a9300000 rw-p 00000000 00:00 0 
7f58a9400000-7f58a9500000 rw-p 00000000 00:00 0 
7f58a9600000-7f58a9700000 rw-p 00000000 00:00 0 
7f58a9800000-7f58a9900000 rw-p 00000000 00:00 0 
7f58a9a00000-7f58a9b00000 rw-p 00000000 00:00 0 
7f58a9c00000-7f58a9d00000 rw-p 00000000 00:00 0 
7f58a9e00000-7f58a9f00000 rw-p 00000000 00:00 0 
7f58aa000000-7f58aa100000 rw-p 00000000 00:00 0 
7f58aa200000-7f58aa300000 rw-p 00000000 00:00 0 
7f58aa400000-7f58aa500000 rw-p 00000000 00:00 0 
7f58aa600000-7f58aa700000 rw-p 00000000 00:00 0 
7f58aa800000-7f58aa900000 rw-p 00000000 00:00 0 
7f58aaa00000-7f58aab00000 rw-p 00000000 00:00 0 
7f58aac00000-7f58aad00000 rw-p 00000000 00:00 0 
7f58aae00000-7f58aaf00000 rw-p 00000000 00:00 0 
7f58ab000000-7f58ab100000 rw-p 00000000 00:00 0 
7f58ab200000-7f58ab300000 rw-p 00000000 00:00 0 
7f58ab400000-7f58ab500000 rw-p 00000000 00:00 0 
7f58ab600000-7f58ab700000 rw-p 00000000 00:00 0 
7f58ab800000-7f58ab900000 rw-p 00000000 00:00 0 
7f58aba00000-7f58abb00000 rw-p 00000000 00:00 0 
7f58abc00000-7f58abd00000 rw-p 00000000 00:00 0 
7f58abe00000-7f58abf00000 rw-p 00000000 00:00 0 
7f58ac000000-7f58ac046000 rw-p 00000000 00:00 0 
7f58ac046000-7f58b0000000 ---p 00000000 00:00 0 
7f58b0000000-7f58b0021000 rw-p 00000000 00:00 0 
7f58b0021000-7f58b4000000 ---p 00000000 00:00 0 
7f58b4000000-7f58b4100000 rw-p 00000000 00:00 0 
7f58b4200000-7f58b4300000 rw-p 00000000 00:00 0 
7f58b4400000-7f58b4500000 rw-p 00000000 00:00 0 
7f58b4600000-7f58b4700000 rw-p 00000000 00:00 0 
7f58b4800000-7f58b4900000 rw-p 00000000 00:00 0 
7f58b4a00000-7f58b4b00000 rw-p 00000000 00:00 0 
7f58b4c00000-7f58b4d00000 rw-p 00000000 00:00 0 
7f58b4e00000-7f58b4f00000 rw-p 00000000 00:00 0 
7f58b5000000-7f58b5100000 rw-p 00000000 00:00 0 
7f58b5200000-7f58b5300000 rw-p 00000000 00:00 0 
7f58b5400000-7f58b5500000 rw-p 00000000 00:00 0 
7f58b5600000-7f58b5700000 rw-p 00000000 00:00 0 
7f58b5800000-7f58b5900000 rw-p 00000000 00:00 0 
7f58b5a00000-7f58b5b00000 rw-p 00000000 00:00 0 
7f58b5c00000-7f58b5d00000 rw-p 00000000 00:00 0 
7f58b5e00000-7f58b5f00000 rw-p 00000000 00:00 0 
7f58b6000000-7f58b6100000 rw-p 00000000 00:00 0 
7f58b6200000-7f58b6300000 rw-p 00000000 00:00 0 
7f58b6400000-7f58b6500000 rw-p 00000000 00:00 0 
7f58b6600000-7f58b6700000 rw-p 00000000 00:00 0 
7f58b6800000-7f58b6900000 rw-p 00000000 00:00 0 
7f58b6a00000-7f58b6b00000 rw-p 00000000 00:00 0 
7f58b6c00000-7f58b6d00000 rw-p 00000000 00:00 0 
7f58b6d00000-7f58b6d04000 ---p 00000000 00:00 0 
7f58b6d04000-7f58b6e00000 rw-p 00000000 00:00 0 
7f58b6e00000-7f58b6f00000 ---p 00000000 00:00 0 
7f58b6f00000-7f58b74b8000 r--p 012b2000 00:e2 4611686018741850747        /nix/store/nfyj24p265scn3zp0pk0fm4rr5g7s2pf-graalvm17-ce-22.1.0/lib/libjvmcicompiler.so
7f58b74b8000-7f58b7600000 r--p 00000000 00:00 0 
7f58b7600000-7f58b763f000 rw-p 00000000 00:00 0 
7f58b763f000-7f58b7b5e000 rw-p 019f1000 00:e2 4611686018741850747        /nix/store/nfyj24p265scn3zp0pk0fm4rr5g7s2pf-graalvm17-ce-22.1.0/lib/libjvmcicompiler.so
7f58b7b5e000-7f58b7fa0000 r--p 01f10000 00:e2 4611686018741850747        /nix/store/nfyj24p265scn3zp0pk0fm4rr5g7s2pf-graalvm17-ce-22.1.0/lib/libjvmcicompiler.so
7f58b8000000-7f58b8021000 rw-p 00000000 00:00 0 
7f58b8021000-7f58bc000000 ---p 00000000 00:00 0 
7f58bc000000-7f58bc021000 rw-p 00000000 00:00 0 
7f58bc021000-7f58c0000000 ---p 00000000 00:00 0 
7f58c0000000-7f58c0213000 rw-p 00000000 00:00 0 
7f58c0213000-7f58c4000000 ---p 00000000 00:00 0 
7f58c4000000-7f58c4021000 rw-p 00000000 00:00 0 
7f58c4021000-7f58c8000000 ---p 00000000 00:00 0 
7f58c8000000-7f58c8021000 rw-p 00000000 00:00 0 
7f58c8021000-7f58cc000000 ---p 00000000 00:00 0 
7f58cc000000-7f58cc02c000 rw-p 00000000 00:00 0 
7f58cc02c000-7f58d0000000 ---p 00000000 00:00 0 
7f58d0000000-7f58d0021000 rw-p 00000000 00:00 0 
7f58d0021000-7f58d4000000 ---p 00000000 00:00 0 
7f58d4000000-7f58d4021000 rw-p 00000000 00:00 0 
7f58d4021000-7f58d8000000 ---p 00000000 00:00 0 
7f58d8000000-7f58d8021000 rw-p 00000000 00:00 0 
7f58d8021000-7f58dc000000 ---p 00000000 00:00 0 
7f58dc000000-7f58dc021000 rw-p 00000000 00:00 0 
7f58dc021000-7f58e0000000 ---p 00000000 00:00 0 
7f58e0000000-7f58e0021000 rw-p 00000000 00:00 0 
7f58e0021000-7f58e4000000 ---p 00000000 00:00 0 
7f58e4000000-7f58e4100000 rw-p 00000000 00:00 0 
7f58e4100000-7f58e4104000 ---p 00000000 00:00 0 
7f58e4104000-7f58e4200000 rw-p 00000000 00:00 0 
7f58e4200000-7f58e4300000 rw-p 00000000 00:00 0 
7f58e4300000-7f58e4304000 ---p 00000000 00:00 0 
7f58e4304000-7f58e4400000 rw-p 00000000 00:00 0 
7f58e4400000-7f58e4500000 rw-p 00000000 00:00 0 
7f58e45ff000-7f58e4600000 ---p 00000000 00:00 0 
7f58e4600000-7f58e4601000 rw-p 00000000 00:00 0 
7f58e4601000-7f58e4605000 ---p 00000000 00:00 0 
7f58e4605000-7f58e4f00000 rw-p 00000000 00:00 0 
7f58e4f54000-7f58e4f85000 rw-p 00000000 00:00 0 
7f58e4f85000-7f58e4f9a000 r-xp 00000000 00:e2 4611686018741858125        /nix/store/nfyj24p265scn3zp0pk0fm4rr5g7s2pf-graalvm17-ce-22.1.0/lib/libnet.so
7f58e4f9a000-7f58e4f9b000 ---p 00015000 00:e2 4611686018741858125        /nix/store/nfyj24p265scn3zp0pk0fm4rr5g7s2pf-graalvm17-ce-22.1.0/lib/libnet.so
7f58e4f9b000-7f58e4f9c000 r--p 00015000 00:e2 4611686018741858125        /nix/store/nfyj24p265scn3zp0pk0fm4rr5g7s2pf-graalvm17-ce-22.1.0/lib/libnet.so
7f58e4f9c000-7f58e4f9d000 rw-p 00016000 00:e2 4611686018741858125        /nix/store/nfyj24p265scn3zp0pk0fm4rr5g7s2pf-graalvm17-ce-22.1.0/lib/libnet.so
7f58e4f9d000-7f58e4fa0000 rw-p 0001b000 00:e2 4611686018741858125        /nix/store/nfyj24p265scn3zp0pk0fm4rr5g7s2pf-graalvm17-ce-22.1.0/lib/libnet.so
7f58e4fa0000-7f58e4fb3000 r-xp 00000000 00:e2 4611686018741858142        /nix/store/nfyj24p265scn3zp0pk0fm4rr5g7s2pf-graalvm17-ce-22.1.0/lib/libnio.so
7f58e4fb3000-7f58e4fb4000 r--p 00012000 00:e2 4611686018741858142        /nix/store/nfyj24p265scn3zp0pk0fm4rr5g7s2pf-graalvm17-ce-22.1.0/lib/libnio.so
7f58e4fb4000-7f58e4fb5000 rw-p 00013000 00:e2 4611686018741858142        /nix/store/nfyj24p265scn3zp0pk0fm4rr5g7s2pf-graalvm17-ce-22.1.0/lib/libnio.so
7f58e4fb5000-7f58e4fba000 rw-p 00019000 00:e2 4611686018741858142        /nix/store/nfyj24p265scn3zp0pk0fm4rr5g7s2pf-graalvm17-ce-22.1.0/lib/libnio.so
7f58e4fba000-7f58e4feb000 rw-p 00000000 00:00 0 
7f58e4feb000-7f58e7341000 r-xp 00000000 00:e2 4611686018741850747        /nix/store/nfyj24p265scn3zp0pk0fm4rr5g7s2pf-graalvm17-ce-22.1.0/lib/libjvmcicompiler.so
7f58e7341000-7f58e7540000 ---p 02356000 00:e2 4611686018741850747        /nix/store/nfyj24p265scn3zp0pk0fm4rr5g7s2pf-graalvm17-ce-22.1.0/lib/libjvmcicompiler.so
7f58e7540000-7f58e7541000 r--p 02355000 00:e2 4611686018741850747        /nix/store/nfyj24p265scn3zp0pk0fm4rr5g7s2pf-graalvm17-ce-22.1.0/lib/libjvmcicompiler.so
7f58e7541000-7f58e7543000 rw-p 02356000 00:e2 4611686018741850747        /nix/store/nfyj24p265scn3zp0pk0fm4rr5g7s2pf-graalvm17-ce-22.1.0/lib/libjvmcicompiler.so
7f58e7543000-7f58e7544000 rw-p 00000000 00:00 0 
7f58e7544000-7f58e7549000 rw-p 02601000 00:e2 4611686018741850747        /nix/store/nfyj24p265scn3zp0pk0fm4rr5g7s2pf-graalvm17-ce-22.1.0/lib/libjvmcicompiler.so
7f58e7549000-7f58e754a000 ---p 00000000 00:00 0 
7f58e754a000-7f58e764b000 rw-p 00000000 00:00 0 
7f58e764b000-7f58e78bb000 rwxp 00000000 00:00 0 
7f58e78bb000-7f58e7bda000 ---p 00000000 00:00 0 
7f58e7bda000-7f58e7e4a000 rwxp 00000000 00:00 0 
7f58e7e4a000-7f58ef112000 ---p 00000000 00:00 0 
7f58ef112000-7f58ef382000 rwxp 00000000 00:00 0 
7f58ef382000-7f58f664b000 ---p 00000000 00:00 0 
7f58f664b000-7f5900000000 r--s 00000000 00:e2 4611686018741858266        /nix/store/nfyj24p265scn3zp0pk0fm4rr5g7s2pf-graalvm17-ce-22.1.0/lib/modules
7f5900000000-7f5900252000 rw-p 00000000 00:00 0 
7f5900252000-7f5904000000 ---p 00000000 00:00 0 
7f5904018000-7f590401c000 ---p 00000000 00:00 0 
7f590401c000-7f5904118000 rw-p 00000000 00:00 0 
7f5904118000-7f590411c000 ---p 00000000 00:00 0 
7f590411c000-7f5904218000 rw-p 00000000 00:00 0 
7f5904218000-7f590421c000 ---p 00000000 00:00 0 
7f590421c000-7f5904318000 rw-p 00000000 00:00 0 
7f5904318000-7f590431c000 ---p 00000000 00:00 0 
7f590431c000-7f5904518000 rw-p 00000000 00:00 0 
7f5904518000-7f590451c000 ---p 00000000 00:00 0 
7f590451c000-7f5904718000 rw-p 00000000 00:00 0 
7f5904718000-7f590471c000 ---p 00000000 00:00 0 
7f590471c000-7f5904818000 rw-p 00000000 00:00 0 
7f5904818000-7f590481c000 ---p 00000000 00:00 0 
7f590481c000-7f5904918000 rw-p 00000000 00:00 0 
7f5904918000-7f590491c000 ---p 00000000 00:00 0 
7f590491c000-7f5904a18000 rw-p 00000000 00:00 0 
7f5904a18000-7f5904cfe000 r--p 00000000 00:5d 28444448                   /usr/lib/locale/locale-archive
7f5904cfe000-7f5904d02000 ---p 00000000 00:00 0 
7f5904d02000-7f5904dfe000 rw-p 00000000 00:00 0 
7f5904dfe000-7f5904e02000 ---p 00000000 00:00 0 
7f5904e02000-7f5904efe000 rw-p 00000000 00:00 0 
7f5904efe000-7f5904eff000 ---p 00000000 00:00 0 
7f5904eff000-7f59052c0000 rw-p 00000000 00:00 0 
7f59052c0000-7f5905400000 ---p 00000000 00:00 0 
7f5905400000-7f59054f0000 rw-p 00000000 00:00 0 
7f59054f0000-7f5905800000 ---p 00000000 00:00 0 
7f5905805000-7f5905807000 r-xp 00000000 00:e2 4611686018741849929        /nix/store/nfyj24p265scn3zp0pk0fm4rr5g7s2pf-graalvm17-ce-22.1.0/lib/libextnet.so
7f5905807000-7f5905808000 r--p 00001000 00:e2 4611686018741849929        /nix/store/nfyj24p265scn3zp0pk0fm4rr5g7s2pf-graalvm17-ce-22.1.0/lib/libextnet.so
7f5905808000-7f5905809000 rw-p 00002000 00:e2 4611686018741849929        /nix/store/nfyj24p265scn3zp0pk0fm4rr5g7s2pf-graalvm17-ce-22.1.0/lib/libextnet.so
7f5905809000-7f590580a000 rw-p 00004000 00:e2 4611686018741849929        /nix/store/nfyj24p265scn3zp0pk0fm4rr5g7s2pf-graalvm17-ce-22.1.0/lib/libextnet.so
7f590580a000-7f5905811000 r-xp 00000000 00:e2 4611686018741858261        /nix/store/nfyj24p265scn3zp0pk0fm4rr5g7s2pf-graalvm17-ce-22.1.0/lib/libzip.so
7f5905811000-7f5905812000 ---p 00007000 00:e2 4611686018741858261        /nix/store/nfyj24p265scn3zp0pk0fm4rr5g7s2pf-graalvm17-ce-22.1.0/lib/libzip.so
7f5905812000-7f5905813000 r--p 00007000 00:e2 4611686018741858261        /nix/store/nfyj24p265scn3zp0pk0fm4rr5g7s2pf-graalvm17-ce-22.1.0/lib/libzip.so
7f5905813000-7f5905814000 rw-p 00008000 00:e2 4611686018741858261        /nix/store/nfyj24p265scn3zp0pk0fm4rr5g7s2pf-graalvm17-ce-22.1.0/lib/libzip.so
7f5905814000-7f5905816000 rw-p 0000b000 00:e2 4611686018741858261        /nix/store/nfyj24p265scn3zp0pk0fm4rr5g7s2pf-graalvm17-ce-22.1.0/lib/libzip.so
7f5905816000-7f59058e4000 r-xp 00000000 00:e2 4611686018741850391        /nix/store/nfyj24p265scn3zp0pk0fm4rr5g7s2pf-graalvm17-ce-22.1.0/lib/libjsvml.so
7f59058e4000-7f59058e5000 r--p 000cd000 00:e2 4611686018741850391        /nix/store/nfyj24p265scn3zp0pk0fm4rr5g7s2pf-graalvm17-ce-22.1.0/lib/libjsvml.so
7f59058e5000-7f59058e6000 rw-p 000ce000 00:e2 4611686018741850391        /nix/store/nfyj24p265scn3zp0pk0fm4rr5g7s2pf-graalvm17-ce-22.1.0/lib/libjsvml.so
7f59058e6000-7f5905a09000 rw-p 00000000 00:00 0 
7f5905a09000-7f5905a59000 ---p 00000000 00:00 0 
7f5905a59000-7f5905a5c000 rw-p 00000000 00:00 0 
7f5905a5c000-7f5905a83000 ---p 00000000 00:00 0 
7f5905a83000-7f5905a89000 rw-p 00000000 00:00 0 
7f5905a89000-7f5905ad9000 ---p 00000000 00:00 0 
7f5905ad9000-7f5905adf000 rw-p 00000000 00:00 0 
7f5905adf000-7f5905bc5000 ---p 00000000 00:00 0 
7f5905bc5000-7f5905bca000 rw-p 00000000 00:00 0 
7f5905bca000-7f5905cb0000 ---p 00000000 00:00 0 
7f5905cb0000-7f5905cb5000 rw-p 00000000 00:00 0 
7f5905cb5000-7f5905cbc000 ---p 00000000 00:00 0 
7f5905cbc000-7f5905ce0000 r-xp 00000000 00:e2 4611686018741850291        /nix/store/nfyj24p265scn3zp0pk0fm4rr5g7s2pf-graalvm17-ce-22.1.0/lib/libjava.so
7f5905ce0000-7f5905ce1000 ---p 00024000 00:e2 4611686018741850291        /nix/store/nfyj24p265scn3zp0pk0fm4rr5g7s2pf-graalvm17-ce-22.1.0/lib/libjava.so
7f5905ce1000-7f5905ce2000 r--p 00024000 00:e2 4611686018741850291        /nix/store/nfyj24p265scn3zp0pk0fm4rr5g7s2pf-graalvm17-ce-22.1.0/lib/libjava.so
7f5905ce2000-7f5905ce3000 rw-p 00025000 00:e2 4611686018741850291        /nix/store/nfyj24p265scn3zp0pk0fm4rr5g7s2pf-graalvm17-ce-22.1.0/lib/libjava.so
7f5905ce3000-7f5905ce4000 rw-p 00000000 00:00 0 
7f5905ce4000-7f5905ceb000 rw-p 0002f000 00:e2 4611686018741850291        /nix/store/nfyj24p265scn3zp0pk0fm4rr5g7s2pf-graalvm17-ce-22.1.0/lib/libjava.so
7f5905ceb000-7f5905cf3000 rw-s 00000000 00:4c 352                        /tmp/hsperfdata_runner/42
7f5905cf3000-7f5905cf4000 ---p 00000000 00:00 0 
7f5905cf4000-7f5905cf5000 r--p 00000000 00:00 0 
7f5905cf5000-7f5905cf6000 ---p 00000000 00:00 0 
7f5905cf6000-7f5905d11000 r-xp 00000000 00:e2 4611686018741850368        /nix/store/nfyj24p265scn3zp0pk0fm4rr5g7s2pf-graalvm17-ce-22.1.0/lib/libjimage.so
7f5905d11000-7f5905d12000 ---p 0001b000 00:e2 4611686018741850368        /nix/store/nfyj24p265scn3zp0pk0fm4rr5g7s2pf-graalvm17-ce-22.1.0/lib/libjimage.so
7f5905d12000-7f5905d14000 r--p 0001b000 00:e2 4611686018741850368        /nix/store/nfyj24p265scn3zp0pk0fm4rr5g7s2pf-graalvm17-ce-22.1.0/lib/libjimage.so
7f5905d14000-7f5905d15000 rw-p 0001d000 00:e2 4611686018741850368        /nix/store/nfyj24p265scn3zp0pk0fm4rr5g7s2pf-graalvm17-ce-22.1.0/lib/libjimage.so
7f5905d15000-7f5905d16000 rw-p 00024000 00:e2 4611686018741850368        /nix/store/nfyj24p265scn3zp0pk0fm4rr5g7s2pf-graalvm17-ce-22.1.0/lib/libjimage.so
7f5905d16000-7f5905d1a000 ---p 00000000 00:00 0 
7f5905d1a000-7f5905e16000 rw-p 00000000 00:00 0 
7f5905e16000-7f5905e23000 r--p 00000000 00:e2 4611686018734270069        /nix/store/scd5n7xsn0hh0lvhhnycr9gx0h8xfzsl-glibc-2.34-210/lib/libm.so.6
7f5905e23000-7f5905e90000 r-xp 0000d000 00:e2 4611686018734270069        /nix/store/scd5n7xsn0hh0lvhhnycr9gx0h8xfzsl-glibc-2.34-210/lib/libm.so.6
7f5905e90000-7f5905eed000 r--p 0007a000 00:e2 4611686018734270069        /nix/store/scd5n7xsn0hh0lvhhnycr9gx0h8xfzsl-glibc-2.34-210/lib/libm.so.6
7f5905eed000-7f5905eee000 r--p 000d6000 00:e2 4611686018734270069        /nix/store/scd5n7xsn0hh0lvhhnycr9gx0h8xfzsl-glibc-2.34-210/lib/libm.so.6
7f5905eee000-7f5905eef000 rw-p 000d7000 00:e2 4611686018734270069        /nix/store/scd5n7xsn0hh0lvhhnycr9gx0h8xfzsl-glibc-2.34-210/lib/libm.so.6
7f5905eef000-7f5905ef0000 r--p 00000000 00:e2 4611686018734270204        /nix/store/scd5n7xsn0hh0lvhhnycr9gx0h8xfzsl-glibc-2.34-210/lib/librt.so.1
7f5905ef0000-7f5905ef1000 r-xp 00001000 00:e2 4611686018734270204        /nix/store/scd5n7xsn0hh0lvhhnycr9gx0h8xfzsl-glibc-2.34-210/lib/librt.so.1
7f5905ef1000-7f5905ef2000 r--p 00002000 00:e2 4611686018734270204        /nix/store/scd5n7xsn0hh0lvhhnycr9gx0h8xfzsl-glibc-2.34-210/lib/librt.so.1
7f5905ef2000-7f5905ef3000 r--p 00002000 00:e2 4611686018734270204        /nix/store/scd5n7xsn0hh0lvhhnycr9gx0h8xfzsl-glibc-2.34-210/lib/librt.so.1
7f5905ef3000-7f5905ef4000 rw-p 00003000 00:e2 4611686018734270204        /nix/store/scd5n7xsn0hh0lvhhnycr9gx0h8xfzsl-glibc-2.34-210/lib/librt.so.1
7f5905ef4000-7f5907025000 r-xp 00000000 00:e2 4611686018741869825        /nix/store/nfyj24p265scn3zp0pk0fm4rr5g7s2pf-graalvm17-ce-22.1.0/lib/server/libjvm.so
7f5907025000-7f5907026000 ---p 01131000 00:e2 4611686018741869825        /nix/store/nfyj24p265scn3zp0pk0fm4rr5g7s2pf-graalvm17-ce-22.1.0/lib/server/libjvm.so
7f5907026000-7f59070db000 r--p 01131000 00:e2 4611686018741869825        /nix/store/nfyj24p265scn3zp0pk0fm4rr5g7s2pf-graalvm17-ce-22.1.0/lib/server/libjvm.so
7f59070db000-7f590710e000 rw-p 011e6000 00:e2 4611686018741869825        /nix/store/nfyj24p265scn3zp0pk0fm4rr5g7s2pf-graalvm17-ce-22.1.0/lib/server/libjvm.so
7f590710e000-7f590716b000 rw-p 00000000 00:00 0 
7f590716b000-7f5907193000 r--p 00000000 00:e2 4611686018734269861        /nix/store/scd5n7xsn0hh0lvhhnycr9gx0h8xfzsl-glibc-2.34-210/lib/libc.so.6
7f5907193000-7f59072fd000 r-xp 00028000 00:e2 4611686018734269861        /nix/store/scd5n7xsn0hh0lvhhnycr9gx0h8xfzsl-glibc-2.34-210/lib/libc.so.6
7f59072fd000-7f5907356000 r--p 00192000 00:e2 4611686018734269861        /nix/store/scd5n7xsn0hh0lvhhnycr9gx0h8xfzsl-glibc-2.34-210/lib/libc.so.6
7f5907356000-7f590735a000 r--p 001ea000 00:e2 4611686018734269861        /nix/store/scd5n7xsn0hh0lvhhnycr9gx0h8xfzsl-glibc-2.34-210/lib/libc.so.6
7f590735a000-7f590735c000 rw-p 001ee000 00:e2 4611686018734269861        /nix/store/scd5n7xsn0hh0lvhhnycr9gx0h8xfzsl-glibc-2.34-210/lib/libc.so.6
7f590735c000-7f590736b000 rw-p 00000000 00:00 0 
7f590736b000-7f590736c000 r--p 00000000 00:e2 4611686018734270053        /nix/store/scd5n7xsn0hh0lvhhnycr9gx0h8xfzsl-glibc-2.34-210/lib/libdl.so.2
7f590736c000-7f590736d000 r-xp 00001000 00:e2 4611686018734270053        /nix/store/scd5n7xsn0hh0lvhhnycr9gx0h8xfzsl-glibc-2.34-210/lib/libdl.so.2
7f590736d000-7f590736e000 r--p 00002000 00:e2 4611686018734270053        /nix/store/scd5n7xsn0hh0lvhhnycr9gx0h8xfzsl-glibc-2.34-210/lib/libdl.so.2
7f590736e000-7f590736f000 r--p 00002000 00:e2 4611686018734270053        /nix/store/scd5n7xsn0hh0lvhhnycr9gx0h8xfzsl-glibc-2.34-210/lib/libdl.so.2
7f590736f000-7f5907370000 rw-p 00003000 00:e2 4611686018734270053        /nix/store/scd5n7xsn0hh0lvhhnycr9gx0h8xfzsl-glibc-2.34-210/lib/libdl.so.2
7f5907370000-7f5907371000 r--p 00000000 00:e2 4611686018734270193        /nix/store/scd5n7xsn0hh0lvhhnycr9gx0h8xfzsl-glibc-2.34-210/lib/libpthread.so.0
7f5907371000-7f5907372000 r-xp 00001000 00:e2 4611686018734270193        /nix/store/scd5n7xsn0hh0lvhhnycr9gx0h8xfzsl-glibc-2.34-210/lib/libpthread.so.0
7f5907372000-7f5907373000 r--p 00002000 00:e2 4611686018734270193        /nix/store/scd5n7xsn0hh0lvhhnycr9gx0h8xfzsl-glibc-2.34-210/lib/libpthread.so.0
7f5907373000-7f5907374000 r--p 00002000 00:e2 4611686018734270193        /nix/store/scd5n7xsn0hh0lvhhnycr9gx0h8xfzsl-glibc-2.34-210/lib/libpthread.so.0
7f5907374000-7f5907375000 rw-p 00003000 00:e2 4611686018734270193        /nix/store/scd5n7xsn0hh0lvhhnycr9gx0h8xfzsl-glibc-2.34-210/lib/libpthread.so.0
7f5907375000-7f5907384000 r-xp 00000000 00:e2 4611686018741850375        /nix/store/nfyj24p265scn3zp0pk0fm4rr5g7s2pf-graalvm17-ce-22.1.0/lib/libjli.so
7f5907384000-7f5907385000 r--p 0000e000 00:e2 4611686018741850375        /nix/store/nfyj24p265scn3zp0pk0fm4rr5g7s2pf-graalvm17-ce-22.1.0/lib/libjli.so
7f5907385000-7f5907386000 rw-p 0000f000 00:e2 4611686018741850375        /nix/store/nfyj24p265scn3zp0pk0fm4rr5g7s2pf-graalvm17-ce-22.1.0/lib/libjli.so
7f5907386000-7f5907387000 rw-p 00012000 00:e2 4611686018741850375        /nix/store/nfyj24p265scn3zp0pk0fm4rr5g7s2pf-graalvm17-ce-22.1.0/lib/libjli.so
7f5907387000-7f590738a000 r--p 00000000 00:e2 4611686018734319453        /nix/store/q7k32ydcqlram7f0l6b1y2c4cs07765y-zlib-1.2.12/lib/libz.so.1.2.12
7f590738a000-7f590739c000 r-xp 00003000 00:e2 4611686018734319453        /nix/store/q7k32ydcqlram7f0l6b1y2c4cs07765y-zlib-1.2.12/lib/libz.so.1.2.12
7f590739c000-7f59073a3000 r--p 00015000 00:e2 4611686018734319453        /nix/store/q7k32ydcqlram7f0l6b1y2c4cs07765y-zlib-1.2.12/lib/libz.so.1.2.12
7f59073a3000-7f59073a4000 r--p 0001b000 00:e2 4611686018734319453        /nix/store/q7k32ydcqlram7f0l6b1y2c4cs07765y-zlib-1.2.12/lib/libz.so.1.2.12
7f59073a4000-7f59073a5000 rw-p 0001c000 00:e2 4611686018734319453        /nix/store/q7k32ydcqlram7f0l6b1y2c4cs07765y-zlib-1.2.12/lib/libz.so.1.2.12
7f59073a5000-7f59073a7000 rw-p 00000000 00:00 0 
7f59073a7000-7f59073ab000 r--p 00000000 00:00 0                          [vvar]
7f59073ab000-7f59073ad000 r-xp 00000000 00:00 0                          [vdso]
7f59073ad000-7f59073ae000 r--p 00000000 00:e2 4611686018734269826        /nix/store/scd5n7xsn0hh0lvhhnycr9gx0h8xfzsl-glibc-2.34-210/lib/ld-linux-x86-64.so.2
7f59073ae000-7f59073d3000 r-xp 00001000 00:e2 4611686018734269826        /nix/store/scd5n7xsn0hh0lvhhnycr9gx0h8xfzsl-glibc-2.34-210/lib/ld-linux-x86-64.so.2
7f59073d3000-7f59073dd000 r--p 00026000 00:e2 4611686018734269826        /nix/store/scd5n7xsn0hh0lvhhnycr9gx0h8xfzsl-glibc-2.34-210/lib/ld-linux-x86-64.so.2
7f59073dd000-7f59073df000 r--p 0002f000 00:e2 4611686018734269826        /nix/store/scd5n7xsn0hh0lvhhnycr9gx0h8xfzsl-glibc-2.34-210/lib/ld-linux-x86-64.so.2
7f59073df000-7f59073e1000 rw-p 00031000 00:e2 4611686018734269826        /nix/store/scd5n7xsn0hh0lvhhnycr9gx0h8xfzsl-glibc-2.34-210/lib/ld-linux-x86-64.so.2
7ffc8b2f2000-7ffc8b316000 rw-p 00000000 00:00 0                          [stack]
ffffffffff600000-ffffffffff601000 --xp 00000000 00:00 0                  [vsyscall]


VM Arguments:
jvm_args: -XX:ThreadPriorityPolicy=1 -XX:+UnlockExperimentalVMOptions -XX:+EnableJVMCIProduct -XX:-UnlockExperimentalVMOptions 
java_command: Main
java_class_path (initial): sqlite-jdbc-3.23.1.jar:jna-5.13.0.jar:jna-platform-5.13.0.jar:
Launcher Type: SUN_STANDARD

[Global flags]
     intx CICompilerCount                          = 2                                         {product} {ergonomic}
     bool EnableJVMCIProduct                       = true                                {JVMCI product} {jimage}
   size_t InitialHeapSize                          = 16777216                                  {product} {ergonomic}
   size_t MaxHeapSize                              = 268435456                                 {product} {ergonomic}
   size_t MaxNewSize                               = 89456640                                  {product} {ergonomic}
   size_t MinHeapDeltaBytes                        = 196608                                    {product} {ergonomic}
   size_t MinHeapSize                              = 8388608                                   {product} {ergonomic}
   size_t NewSize                                  = 5570560                                   {product} {ergonomic}
    uintx NonNMethodCodeHeapSize                   = 5826188                                {pd product} {ergonomic}
    uintx NonProfiledCodeHeapSize                  = 122916026                              {pd product} {ergonomic}
   size_t OldSize                                  = 11206656                                  {product} {ergonomic}
    uintx ProfiledCodeHeapSize                     = 122916026                              {pd product} {ergonomic}
    uintx ReservedCodeCacheSize                    = 251658240                              {pd product} {ergonomic}
     bool SegmentedCodeCache                       = true                                      {product} {ergonomic}
   size_t SoftMaxHeapSize                          = 268435456                              {manageable} {ergonomic}
     intx ThreadPriorityPolicy                     = 1                                         {product} {jimage}
     bool UseCompressedClassPointers               = true                           {product lp64_product} {ergonomic}
     bool UseCompressedOops                        = true                           {product lp64_product} {ergonomic}
     bool UseSerialGC                              = true                                      {product} {ergonomic}

Logging:
Log output configuration:
 #0: stdout all=warning uptime,level,tags
 #1: stderr all=off uptime,level,tags

Environment Variables:
JAVA_HOME=/nix/store/nfyj24p265scn3zp0pk0fm4rr5g7s2pf-graalvm17-ce-22.1.0
PATH=/nix/store/wp7kc5y840ldi5sd8j81fj4dabccff2d-binutils-wrapper-2.38/bin:/nix/store/ag2bpk0lzjvj409znklrz5krkpc5imzs-gcc-wrapper-11.3.0/bin:/nix/store/v48s6iddb518j9lc1pk3rcn3x8c2ff0j-bash-interactive-5.1-p16/bin:/nix/store/knssayvl4p7gfapib4wcfhzy14169kva-patchelf-0.14.5/bin:/nix/store/as1xzrm2921pnxx4jvxj39jn4v88wdy1-gcc-11.3.0/bin:/nix/store/h0cnbmfcn93xm5dg2x27ixhag1cwndga-glibc-2.34-210-bin/bin:/nix/store/7jr7pr4c6yb85xpzay5xafs5zlcadkhz-coreutils-9.0/bin:/nix/store/rq6bh3qfrqnyqwik0w3q6w180zg3w2pa-binutils-2.38/bin:/nix/store/1zxl69fy39d7lmdw94z7m5ckk9a3z3in-sudo-1.9.10/bin:/nix/store/nfyj24p265scn3zp0pk0fm4rr5g7s2pf-graalvm17-ce-22.1.0/bin:/nix/store/13zd7dmzpnzd1zhc8kh5lvzpbfal9rnx-apache-maven-3.8.5/bin:/nix/store/ay4z1xvwjq4mvkfaqhf03d1iyfh1rk7r-jdt-language-server-1.9.0/bin:/nix/store/s1v4xn1dd905vgrv074h7n20b3p2z8rx-java-debug/bin:/nix/store/0xdmzja4b2k377x74zsqxbgpkhwmdpzp-cowsay-3.04/bin:/nix/store/140f6s4nwiawrr3xyxarmcv2mk62m62y-findutils-4.9.0/bin:/nix/store/35swvg68q1j3m9fbhcdnqwk9mlm8plvn-diffutils-3.8/bin:/nix/store/lgvd2fh4cndlv8mnyy49jp1nplpml3xp-gnused-4.8/bin:/nix/store/qd9jxc0q00cr7fp30y6jbbww20gj33lg-gnugrep-3.7/bin:/nix/store/w3p77mkdy3pigg12iyha8y9dqakhjsxn-gawk-5.1.1/bin:/nix/store/jm7czg4lgfhiphkyjwn1k1i8liqqizgi-gnutar-1.34/bin:/nix/store/vqpkbr3isafl4867app44w636zrkr9wp-gzip-1.12/bin:/nix/store/fkwcqfw3gcspmpmxqxqnxjja74sg207g-bzip2-1.0.6.0.2-bin/bin:/nix/store/4gkcrzpn31sb12fnzclyfzhpd8xh8l6x-gnumake-4.3/bin:/nix/store/iffl6dlplhv22i2xy7n1w51a5r631kmi-bash-5.1-p16/bin:/nix/store/c0hmdlwdd85gzmilafg4gzzdb2vpg176-patch-2.7.6/bin:/nix/store/kyg5qxx0nl5hfjx0kgw120b85i4l6i8y-xz-5.2.5-bin/bin:/nix/store/i4kzir3m7mrisxmf5xvlnkw01x4qaqr4-prybar-elisp-0.0.0-e0d9a52/bin:/nix/store/lwwivxf6h7x3cvxp9zv8sj0mv7dak99r-prybar-lua-0.0.0-e0d9a52/bin:/nix/store/gxj28g1cg4hq3qanmjv07156h800qr58-prybar-python3-0.0.0-e0d9a52/bin:/nix/store/hshkjnxrgidigf8x75vg6lqng2xlx9i3-prybar-sqlite-0.0.0-e0d9a52/bin:/nix/store/c4w01bpjgyy5ixmwdk8m1pw87zq4sl26-prybar-tc
LD_LIBRARY_PATH=/nix/store/z7ff1q791ar3ghh8fcmiblaq654sw220-cups-2.4.2-lib/lib:/nix/store/yvzlx032kf9kn507y7iyrqxspfypvnnr-cairo-1.16.0/lib:/nix/store/s7yq6ngnxf4gsp4263q7xywfjihh5mpn-glib-2.72.2/lib:/nix/store/sqhmx15c0ici7qsy4ambqhkic76pc7fq-gtk+3-3.24.34/lib:/nix/store/hisqvx32cd57apbpcsnkpx6k3549wql1-libglvnd-1.4.0/lib:/nix/store/p36pgcv991mq5srvg765b78yqpxvk3qs-mesa-21.3.3-drivers/lib:/nix/store/mav4251if1ahjq5vkpwycyyvnmy459c4-pulseaudio-14.2/lib
DISPLAY=:0
LANG=en_US.UTF-8

Signal Handlers:
   SIGSEGV: crash_handler in libjvm.so, mask=11100100010111111101111111111110, flags=SA_RESTART|SA_SIGINFO
    SIGBUS: crash_handler in libjvm.so, mask=11100100010111111101111111111110, flags=SA_RESTART|SA_SIGINFO
    SIGFPE: crash_handler in libjvm.so, mask=11100100010111111101111111111110, flags=SA_RESTART|SA_SIGINFO
   SIGPIPE: javaSignalHandler in libjvm.so, mask=11100100010111111101111111111110, flags=SA_RESTART|SA_SIGINFO
   SIGXFSZ: javaSignalHandler in libjvm.so, mask=11100100010111111101111111111110, flags=SA_RESTART|SA_SIGINFO
    SIGILL: crash_handler in libjvm.so, mask=11100100010111111101111111111110, flags=SA_RESTART|SA_SIGINFO
   SIGUSR2: SR_handler in libjvm.so, mask=00000000000000000000000000000000, flags=SA_RESTART|SA_SIGINFO
    SIGHUP: UserHandler in libjvm.so, mask=11100100010111111101111111111110, flags=SA_RESTART|SA_SIGINFO
    SIGINT: UserHandler in libjvm.so, mask=11100100010111111101111111111110, flags=SA_RESTART|SA_SIGINFO
   SIGTERM: UserHandler in libjvm.so, mask=11100100010111111101111111111110, flags=SA_RESTART|SA_SIGINFO
   SIGQUIT: UserHandler in libjvm.so, mask=11100100010111111101111111111110, flags=SA_RESTART|SA_SIGINFO
  *** Handler was modified!
  *** Expected: javaSignalHandler in libjvm.so, mask=11100100110111111111111111111110, flags=SA_RESTART|SA_SIGINFO
   SIGTRAP: crash_handler in libjvm.so, mask=11100100010111111101111111111110, flags=SA_RESTART|SA_SIGINFO


---------------  S Y S T E M  ---------------

OS:
DISTRIB_ID=Ubuntu
DISTRIB_RELEASE=20.04
DISTRIB_CODENAME=focal
DISTRIB_DESCRIPTION="Ubuntu 20.04.2 LTS"
uname: Linux 5.19.0-1027-gcp #29~22.04.1-Ubuntu SMP Thu Jun 22 05:13:17 UTC 2023 x86_64
OS uptime: 0 days 1:27 hours
libc: glibc 2.34 NPTL 2.34 
rlimit (soft/hard): STACK 8192k/infinity , CORE infinity/infinity , NPROC infinity/infinity , NOFILE 5242/5242 , AS infinity/infinity , CPU infinity/infinity , DATA infinity/infinity , FSIZE infinity/infinity , MEMLOCK 8192k/8192k
load average: 23.76 18.89 19.20

/proc/meminfo:
MemTotal:       32859956 kB
MemFree:        12357720 kB
MemAvailable:   25066816 kB
Buffers:         1491656 kB
Cached:         10437124 kB
SwapCached:            0 kB
Active:          4466752 kB
Inactive:       13964300 kB
Active(anon):       8720 kB
Inactive(anon):  6270420 kB
Active(file):    4458032 kB
Inactive(file):  7693880 kB
Unevictable:       29272 kB
Mlocked:           29272 kB
SwapTotal:             0 kB
SwapFree:              0 kB
Zswap:                 0 kB
Zswapped:              0 kB
Dirty:             69876 kB
Writeback:           104 kB
AnonPages:       6500912 kB
Mapped:          1746180 kB
Shmem:             16124 kB
KReclaimable:    1022920 kB
Slab:            1487976 kB
SReclaimable:    1022920 kB
SUnreclaim:       465056 kB
KernelStack:      127664 kB
PageTables:       142852 kB
NFS_Unstable:          0 kB
Bounce:                0 kB
WritebackTmp:          0 kB
CommitLimit:    16429976 kB
Committed_AS:   37601620 kB
VmallocTotal:   34359738367 kB
VmallocUsed:      150552 kB
VmallocChunk:          0 kB
Percpu:            14672 kB
HardwareCorrupted:     0 kB
AnonHugePages:      4096 kB
ShmemHugePages:        0 kB
ShmemPmdMapped:        0 kB
FileHugePages:         0 kB
FilePmdMapped:         0 kB
HugePages_Total:       0
HugePages_Free:        0
HugePages_Rsvd:        0
HugePages_Surp:        0
Hugepagesize:       2048 kB
Hugetlb:               0 kB
DirectMap4k:     2159416 kB
DirectMap2M:    21954560 kB
DirectMap1G:    11534336 kB

/sys/kernel/mm/transparent_hugepage/enabled: always [madvise] never
/sys/kernel/mm/transparent_hugepage/defrag (defrag/compaction efforts parameter): always defer defer+madvise [madvise] never

Process Memory:
Virtual Size: 3020760K (peak: 3020760K)
Resident Set Size: 128764K (peak: 128796K) (anon: 77624K, file: 51140K, shmem: 0K)
Swapped out: 0K
C-Heap outstanding allocations: 3252K

/proc/sys/kernel/threads-max (system-wide limit on the number of threads): 256654
/proc/sys/vm/max_map_count (maximum number of memory map areas a process may have): 65530
/proc/sys/kernel/pid_max (system-wide limit on number of process identifiers): 4194304

container (cgroup) information:
container_type: cgroupv1
cpu_cpuset_cpus: 1-3
cpu_memory_nodes: 0
active_processor_count: 1
cpu_quota: 30000
cpu_period: 100000
cpu_shares: 307
memory_limit_in_bytes: 1073741824
memory_and_swap_limit_in_bytes: 1073741824
memory_soft_limit_in_bytes: 536870912
memory_usage_in_bytes: 183549952
memory_max_usage_in_bytes: 246968320
maximum number of tasks: 1000
current number of tasks: 30

KVM virtualization detected
Steal ticks since vm start: 0
Steal ticks percentage since vm start:  0.000

CPU: total 4 (initial active 1) (4 cores per cpu, 2 threads per core) family 23 model 49 stepping 0 microcode 0xffffffff, cx8, cmov, fxsr, ht, mmx, 3dnowpref, sse, sse2, sse3, ssse3, sse4a, sse4.1, sse4.2, popcnt, lzcnt, tsc, tscinvbit, avx, avx2, aes, clmul, bmi1, bmi2, adx, sha, fma, vzeroupper, clflush, clflushopt, hv
CPU Model and flags from /proc/cpuinfo:
model name	: AMD EPYC 7B12
flags		: fpu vme de pse tsc msr pae mce cx8 apic sep mtrr pge mca cmov pat pse36 clflush mmx fxsr sse sse2 ht syscall nx mmxext fxsr_opt pdpe1gb rdtscp lm constant_tsc rep_good nopl nonstop_tsc cpuid extd_apicid tsc_known_freq pni pclmulqdq ssse3 fma cx16 sse4_1 sse4_2 movbe popcnt aes xsave avx f16c rdrand hypervisor lahf_lm cmp_legacy cr8_legacy abm sse4a misalignsse 3dnowprefetch osvw topoext ssbd ibrs ibpb stibp vmmcall fsgsbase tsc_adjust bmi1 avx2 smep bmi2 rdseed adx smap clflushopt clwb sha_ni xsaveopt xsavec xgetbv1 clzero xsaveerptr arat npt nrip_save umip rdpid

Online cpus: 0-3
Offline cpus: 
BIOS frequency limitation: <Not Available>
Frequency switch latency (ns): <Not Available>
Available cpu frequencies: <Not Available>
Current governor: <Not Available>
Core performance/turbo boost: <Not Available>

Memory: 4k page, physical 1048576k(869320k free), swap 0k(0k free)
Page Sizes: 4k

vm_info: OpenJDK 64-Bit Server VM (17.0.3+7-jvmci-22.1-b06) for linux-amd64 JRE (17.0.3+7-jvmci-22.1-b06), built on Apr 20 2022 11:56:33 by "buildslave" with gcc 10.3.0

END.
